<?xml version="1.0" encoding="UTF-8"?>
<testsuite xmlns:xsi="http://www.w3.org/2001/XMLSchema-instance" xsi:noNamespaceSchemaLocation="https://maven.apache.org/surefire/maven-surefire-plugin/xsd/surefire-test-report-3.0.xsd" version="3.0" name="io.camunda.connector.odoo.OdooAuthenticationTest" time="0.206" tests="3" errors="0" skipped="0" failures="0">
  <properties>
[...]
</properties>
  <testcase name="bridgeCommandsRequireBridgeApiKey" classname="io.camunda.connector.odoo.OdooAuthenticationTest" time="0.117"/>
  <testcase name="directReadRequiresDatabaseAndApiKey" classname="io.camunda.connector.odoo.OdooAuthenticationTest" time="0.005"/>
  <testcase name="validDirectReadAuthPasses" classname="io.camunda.connector.odoo.OdooAuthenticationTest" time="0.024"/>
</testsuite>