<?xml version="1.0" encoding="UTF-8"?>
<testsuite xmlns:xsi="http://www.w3.org/2001/XMLSchema-instance" xsi:noNamespaceSchemaLocation="https://maven.apache.org/surefire/maven-surefire-plugin/xsd/surefire-test-report-3.0.xsd" version="3.0" name="io.camunda.connector.odoo.inbound.MauOdooEventEnvelopeTest" time="0.433" tests="4" errors="0" skipped="0" failures="0">
  <properties>
[...]
</properties>
  <testcase name="acceptsApprovedEnvelopeAndMapsCanonicalVariables" classname="io.camunda.connector.odoo.inbound.MauOdooEventEnvelopeTest" time="0.191"/>
  <testcase name="rejectsUnapprovedEventType" classname="io.camunda.connector.odoo.inbound.MauOdooEventEnvelopeTest" time="0.005"/>
  <testcase name="rejectsMissingPayloadObject" classname="io.camunda.connector.odoo.inbound.MauOdooEventEnvelopeTest" time="0.01"/>
  <testcase name="rejectsWrongSourceSystem" classname="io.camunda.connector.odoo.inbound.MauOdooEventEnvelopeTest" time="0.017"/>
</testsuite>